2026-05-02 17:53:00,366 | INFO | Rasm yuklandi | hash=aa64f24b14a01149 | path=lyamla.jpg
2026-05-02 17:53:00,367 | INFO | Workflow chaqirilmoqda | hash=aa64f24b14a01149
2026-05-02 17:53:00,688 | INFO | Workflow javobi olindi | hash=aa64f24b14a01149 | keys=['color_mapping', 'total_count', 'predictions', 'class_counts', 'image_dimensions', 'workflow_metadata']
2026-05-02 17:53:00,689 | INFO | Aniqlandi | total=4 | classes=1 | hash=aa64f24b14a01149
2026-05-02 17:53:00,689 | INFO | Metadata | raw_a=0 | raw_b=0 | after_filters=4 | hash=aa64f24b14a01149
2026-05-02 17:53:00,755 | INFO | Yakunlandi | hash=aa64f24b14a01149 | output=results\READY_FOR_AI_lyamla.jpg
2026-05-02 17:53:26,758 | INFO | Rasm yuklandi | hash=08ab64d3b612a767 | path=tenida.jpg
2026-05-02 17:53:26,760 | INFO | Workflow chaqirilmoqda | hash=08ab64d3b612a767
2026-05-02 17:53:27,910 | INFO | Workflow javobi olindi | hash=08ab64d3b612a767 | keys=['color_mapping', 'total_count', 'predictions', 'class_counts', 'image_dimensions', 'workflow_metadata']
2026-05-02 17:53:27,911 | INFO | Aniqlandi | total=3 | classes=2 | hash=08ab64d3b612a767
2026-05-02 17:53:27,911 | INFO | Metadata | raw_a=2 | raw_b=3 | after_filters=3 | hash=08ab64d3b612a767
2026-05-02 17:53:27,947 | INFO | Yakunlandi | hash=08ab64d3b612a767 | output=results\READY_FOR_AI_tenida.jpg
2026-05-02 17:54:16,364 | INFO | Rasm yuklandi | hash=8686280061f6ddf8 | path=askarida.jpg
2026-05-02 17:54:16,364 | INFO | Workflow chaqirilmoqda | hash=8686280061f6ddf8
2026-05-02 17:54:16,620 | INFO | Workflow javobi olindi | hash=8686280061f6ddf8 | keys=['color_mapping', 'total_count', 'predictions', 'class_counts', 'image_dimensions', 'workflow_metadata']
2026-05-02 17:54:16,620 | INFO | Aniqlandi | total=1 | classes=1 | hash=8686280061f6ddf8
2026-05-02 17:54:16,620 | INFO | Metadata | raw_a=1 | raw_b=1 | after_filters=1 | hash=8686280061f6ddf8
2026-05-02 17:54:16,673 | INFO | Yakunlandi | hash=8686280061f6ddf8 | output=results\READY_FOR_AI_askarida.jpg
2026-05-02 17:54:26,992 | INFO | Rasm yuklandi | hash=2b0eaa97388375db | path=karlikoviy_sepen.jpg
2026-05-02 17:54:26,992 | INFO | Workflow chaqirilmoqda | hash=2b0eaa97388375db
2026-05-02 17:54:27,255 | INFO | Workflow javobi olindi | hash=2b0eaa97388375db | keys=['color_mapping', 'total_count', 'predictions', 'class_counts', 'image_dimensions', 'workflow_metadata']
2026-05-02 17:54:27,256 | INFO | Aniqlandi | total=1 | classes=1 | hash=2b0eaa97388375db
2026-05-02 17:54:27,256 | INFO | Metadata | raw_a=1 | raw_b=0 | after_filters=1 | hash=2b0eaa97388375db
2026-05-02 17:54:27,292 | INFO | Yakunlandi | hash=2b0eaa97388375db | output=results\READY_FOR_AI_karlikoviy_sepen.jpg
2026-05-02 17:54:33,583 | INFO | Rasm yuklandi | hash=bbe4881444a7c6a8 | path=karlikoviy_sepen1.jpg
2026-05-02 17:54:33,584 | INFO | Workflow chaqirilmoqda | hash=bbe4881444a7c6a8
2026-05-02 17:54:33,847 | INFO | Workflow javobi olindi | hash=bbe4881444a7c6a8 | keys=['color_mapping', 'total_count', 'predictions', 'class_counts', 'image_dimensions', 'workflow_metadata']
2026-05-02 17:54:33,847 | INFO | Aniqlandi | total=1 | classes=1 | hash=bbe4881444a7c6a8
2026-05-02 17:54:33,847 | INFO | Metadata | raw_a=1 | raw_b=0 | after_filters=1 | hash=bbe4881444a7c6a8
2026-05-02 17:54:33,886 | INFO | Yakunlandi | hash=bbe4881444a7c6a8 | output=results\READY_FOR_AI_karlikoviy_sepen1.jpg
2026-05-02 17:54:44,057 | INFO | Rasm yuklandi | hash=029abe319e3d4be1 | path=karlikoviy_sepen2.jpg
2026-05-02 17:54:44,057 | INFO | Workflow chaqirilmoqda | hash=029abe319e3d4be1
2026-05-02 17:54:44,302 | INFO | Workflow javobi olindi | hash=029abe319e3d4be1 | keys=['color_mapping', 'total_count', 'predictions', 'class_counts', 'image_dimensions', 'workflow_metadata']
2026-05-02 17:54:44,302 | INFO | Aniqlandi | total=1 | classes=1 | hash=029abe319e3d4be1
2026-05-02 17:54:44,302 | INFO | Metadata | raw_a=1 | raw_b=1 | after_filters=1 | hash=029abe319e3d4be1
2026-05-02 17:54:44,339 | INFO | Yakunlandi | hash=029abe319e3d4be1 | output=results\READY_FOR_AI_karlikoviy_sepen2.jpg
2026-05-02 17:54:54,661 | INFO | Rasm yuklandi | hash=baa3b8cda43b671a | path=kraxmal.jpg
2026-05-02 17:54:54,662 | INFO | Workflow chaqirilmoqda | hash=baa3b8cda43b671a
2026-05-02 17:54:54,908 | INFO | Workflow javobi olindi | hash=baa3b8cda43b671a | keys=['color_mapping', 'total_count', 'predictions', 'class_counts', 'image_dimensions', 'workflow_metadata']
2026-05-02 17:54:54,908 | INFO | Aniqlandi | total=1 | classes=1 | hash=baa3b8cda43b671a
2026-05-02 17:54:54,908 | INFO | Metadata | raw_a=0 | raw_b=2 | after_filters=1 | hash=baa3b8cda43b671a
2026-05-02 17:54:54,952 | INFO | Yakunlandi | hash=baa3b8cda43b671a | output=results\READY_FOR_AI_kraxmal.jpg
2026-05-02 17:55:01,143 | INFO | Rasm yuklandi | hash=a48bf67e438a4654 | path=lyambilya1.jpg
2026-05-02 17:55:01,143 | INFO | Workflow chaqirilmoqda | hash=a48bf67e438a4654
2026-05-02 17:55:01,425 | INFO | Workflow javobi olindi | hash=a48bf67e438a4654 | keys=['color_mapping', 'total_count', 'predictions', 'class_counts', 'image_dimensions', 'workflow_metadata']
2026-05-02 17:55:01,425 | INFO | Aniqlandi | total=1 | classes=1 | hash=a48bf67e438a4654
2026-05-02 17:55:01,426 | INFO | Metadata | raw_a=1 | raw_b=1 | after_filters=1 | hash=a48bf67e438a4654
2026-05-02 17:55:01,461 | INFO | Yakunlandi | hash=a48bf67e438a4654 | output=results\READY_FOR_AI_lyambilya1.jpg
2026-05-02 17:55:09,433 | INFO | Rasm yuklandi | hash=aa64f24b14a01149 | path=lyamla.jpg
2026-05-02 17:55:09,434 | INFO | Workflow chaqirilmoqda | hash=aa64f24b14a01149
2026-05-02 17:55:09,679 | INFO | Workflow javobi olindi | hash=aa64f24b14a01149 | keys=['color_mapping', 'total_count', 'predictions', 'class_counts', 'image_dimensions', 'workflow_metadata']
2026-05-02 17:55:09,679 | INFO | Aniqlandi | total=4 | classes=1 | hash=aa64f24b14a01149
2026-05-02 17:55:09,679 | INFO | Metadata | raw_a=0 | raw_b=4 | after_filters=4 | hash=aa64f24b14a01149
2026-05-02 17:55:09,709 | INFO | Yakunlandi | hash=aa64f24b14a01149 | output=results\READY_FOR_AI_lyamla.jpg
2026-05-02 17:55:15,751 | INFO | Rasm yuklandi | hash=7710e8926e41d922 | path=mushak_tolalari.jpg
2026-05-02 17:55:15,751 | INFO | Workflow chaqirilmoqda | hash=7710e8926e41d922
2026-05-02 17:55:16,006 | INFO | Workflow javobi olindi | hash=7710e8926e41d922 | keys=['color_mapping', 'total_count', 'predictions', 'class_counts', 'image_dimensions', 'workflow_metadata']
2026-05-02 17:55:16,006 | INFO | Aniqlandi | total=0 | classes=0 | hash=7710e8926e41d922
2026-05-02 17:55:16,006 | INFO | Metadata | raw_a=0 | raw_b=1 | after_filters=0 | hash=7710e8926e41d922
2026-05-02 17:55:16,049 | INFO | Yakunlandi | hash=7710e8926e41d922 | output=results\READY_FOR_AI_mushak_tolalari.jpg
2026-05-02 17:55:22,376 | INFO | Rasm yuklandi | hash=f122bb56a649f212 | path=ovqat tolalari.jpg
2026-05-02 17:55:22,377 | INFO | Workflow chaqirilmoqda | hash=f122bb56a649f212
2026-05-02 17:55:22,647 | INFO | Workflow javobi olindi | hash=f122bb56a649f212 | keys=['color_mapping', 'total_count', 'predictions', 'class_counts', 'image_dimensions', 'workflow_metadata']
2026-05-02 17:55:22,647 | INFO | Aniqlandi | total=0 | classes=0 | hash=f122bb56a649f212
2026-05-02 17:55:22,647 | INFO | Metadata | raw_a=0 | raw_b=1 | after_filters=0 | hash=f122bb56a649f212
2026-05-02 17:55:22,686 | INFO | Yakunlandi | hash=f122bb56a649f212 | output=results\READY_FOR_AI_ovqat tolalari.jpg
2026-05-02 17:55:31,886 | INFO | Rasm yuklandi | hash=3c52fb7fa0fdad63 | path=sitsa_lyambla.jpg
2026-05-02 17:55:31,886 | INFO | Workflow chaqirilmoqda | hash=3c52fb7fa0fdad63
2026-05-02 17:55:32,155 | INFO | Workflow javobi olindi | hash=3c52fb7fa0fdad63 | keys=['color_mapping', 'total_count', 'predictions', 'class_counts', 'image_dimensions', 'workflow_metadata']
2026-05-02 17:55:32,156 | INFO | Aniqlandi | total=2 | classes=2 | hash=3c52fb7fa0fdad63
2026-05-02 17:55:32,156 | INFO | Metadata | raw_a=1 | raw_b=1 | after_filters=2 | hash=3c52fb7fa0fdad63
2026-05-02 17:55:32,196 | INFO | Yakunlandi | hash=3c52fb7fa0fdad63 | output=results\READY_FOR_AI_sitsa_lyambla.jpg
2026-05-02 17:55:39,799 | INFO | Rasm yuklandi | hash=08ab64d3b612a767 | path=tenida.jpg
2026-05-02 17:55:39,799 | INFO | Workflow chaqirilmoqda | hash=08ab64d3b612a767
2026-05-02 17:55:40,039 | INFO | Workflow javobi olindi | hash=08ab64d3b612a767 | keys=['color_mapping', 'total_count', 'predictions', 'class_counts', 'image_dimensions', 'workflow_metadata']
2026-05-02 17:55:40,039 | INFO | Aniqlandi | total=3 | classes=2 | hash=08ab64d3b612a767
2026-05-02 17:55:40,039 | INFO | Metadata | raw_a=2 | raw_b=3 | after_filters=3 | hash=08ab64d3b612a767
2026-05-02 17:55:40,093 | INFO | Yakunlandi | hash=08ab64d3b612a767 | output=results\READY_FOR_AI_tenida.jpg
2026-05-02 18:02:20,325 | INFO | Rasm yuklandi | hash=08ab64d3b612a767 | path=tenida.jpg
2026-05-02 18:02:20,325 | INFO | Workflow chaqirilmoqda | hash=08ab64d3b612a767
2026-05-02 18:02:20,576 | INFO | Workflow javobi olindi | hash=08ab64d3b612a767 | keys=['color_mapping', 'total_count', 'predictions', 'class_counts', 'image_dimensions', 'workflow_metadata']
2026-05-02 18:02:20,576 | INFO | Aniqlandi | total=3 | classes=2 | hash=08ab64d3b612a767
2026-05-02 18:02:20,576 | INFO | Metadata | raw_a=2 | raw_b=3 | after_filters=3 | hash=08ab64d3b612a767
2026-05-02 18:02:20,613 | INFO | Yakunlandi | hash=08ab64d3b612a767 | output=results\READY_FOR_AI_tenida.jpg
2026-05-02 18:02:25,644 | INFO | Rasm yuklandi | hash=3c52fb7fa0fdad63 | path=sitsa_lyambla.jpg
2026-05-02 18:02:25,645 | INFO | Workflow chaqirilmoqda | hash=3c52fb7fa0fdad63
2026-05-02 18:02:25,987 | INFO | Workflow javobi olindi | hash=3c52fb7fa0fdad63 | keys=['color_mapping', 'total_count', 'predictions', 'class_counts', 'image_dimensions', 'workflow_metadata']
2026-05-02 18:02:25,987 | INFO | Aniqlandi | total=2 | classes=2 | hash=3c52fb7fa0fdad63
2026-05-02 18:02:25,987 | INFO | Metadata | raw_a=1 | raw_b=1 | after_filters=2 | hash=3c52fb7fa0fdad63
2026-05-02 18:02:26,030 | INFO | Yakunlandi | hash=3c52fb7fa0fdad63 | output=results\READY_FOR_AI_sitsa_lyambla.jpg
2026-05-02 18:02:29,694 | INFO | Rasm yuklandi | hash=f122bb56a649f212 | path=ovqat tolalari.jpg
2026-05-02 18:02:29,695 | INFO | Workflow chaqirilmoqda | hash=f122bb56a649f212
2026-05-02 18:02:29,960 | INFO | Workflow javobi olindi | hash=f122bb56a649f212 | keys=['color_mapping', 'total_count', 'predictions', 'class_counts', 'image_dimensions', 'workflow_metadata']
2026-05-02 18:02:29,961 | INFO | Aniqlandi | total=0 | classes=0 | hash=f122bb56a649f212
2026-05-02 18:02:29,961 | INFO | Metadata | raw_a=0 | raw_b=1 | after_filters=0 | hash=f122bb56a649f212
2026-05-02 18:02:30,001 | INFO | Yakunlandi | hash=f122bb56a649f212 | output=results\READY_FOR_AI_ovqat tolalari.jpg
2026-05-02 18:02:34,376 | INFO | Rasm yuklandi | hash=7710e8926e41d922 | path=mushak_tolalari.jpg
2026-05-02 18:02:34,376 | INFO | Workflow chaqirilmoqda | hash=7710e8926e41d922
2026-05-02 18:02:34,644 | INFO | Workflow javobi olindi | hash=7710e8926e41d922 | keys=['color_mapping', 'total_count', 'predictions', 'class_counts', 'image_dimensions', 'workflow_metadata']
2026-05-02 18:02:34,645 | INFO | Aniqlandi | total=0 | classes=0 | hash=7710e8926e41d922
2026-05-02 18:02:34,645 | INFO | Metadata | raw_a=0 | raw_b=1 | after_filters=0 | hash=7710e8926e41d922
2026-05-02 18:02:34,686 | INFO | Yakunlandi | hash=7710e8926e41d922 | output=results\READY_FOR_AI_mushak_tolalari.jpg
2026-05-02 18:02:38,269 | INFO | Rasm yuklandi | hash=aa64f24b14a01149 | path=lyamla.jpg
2026-05-02 18:02:38,270 | INFO | Workflow chaqirilmoqda | hash=aa64f24b14a01149
2026-05-02 18:02:38,535 | INFO | Workflow javobi olindi | hash=aa64f24b14a01149 | keys=['color_mapping', 'total_count', 'predictions', 'class_counts', 'image_dimensions', 'workflow_metadata']
2026-05-02 18:02:38,535 | INFO | Aniqlandi | total=4 | classes=1 | hash=aa64f24b14a01149
2026-05-02 18:02:38,536 | INFO | Metadata | raw_a=0 | raw_b=4 | after_filters=4 | hash=aa64f24b14a01149
2026-05-02 18:02:38,569 | INFO | Yakunlandi | hash=aa64f24b14a01149 | output=results\READY_FOR_AI_lyamla.jpg
2026-05-02 18:02:45,328 | INFO | Rasm yuklandi | hash=a48bf67e438a4654 | path=lyambilya1.jpg
2026-05-02 18:02:45,328 | INFO | Workflow chaqirilmoqda | hash=a48bf67e438a4654
2026-05-02 18:02:45,586 | INFO | Workflow javobi olindi | hash=a48bf67e438a4654 | keys=['color_mapping', 'total_count', 'predictions', 'class_counts', 'image_dimensions', 'workflow_metadata']
2026-05-02 18:02:45,587 | INFO | Aniqlandi | total=1 | classes=1 | hash=a48bf67e438a4654
2026-05-02 18:02:45,587 | INFO | Metadata | raw_a=1 | raw_b=1 | after_filters=1 | hash=a48bf67e438a4654
2026-05-02 18:02:45,622 | INFO | Yakunlandi | hash=a48bf67e438a4654 | output=results\READY_FOR_AI_lyambilya1.jpg
2026-05-02 18:02:50,183 | INFO | Rasm yuklandi | hash=baa3b8cda43b671a | path=kraxmal.jpg
2026-05-02 18:02:50,184 | INFO | Workflow chaqirilmoqda | hash=baa3b8cda43b671a
2026-05-02 18:02:50,441 | INFO | Workflow javobi olindi | hash=baa3b8cda43b671a | keys=['color_mapping', 'total_count', 'predictions', 'class_counts', 'image_dimensions', 'workflow_metadata']
2026-05-02 18:02:50,441 | INFO | Aniqlandi | total=1 | classes=1 | hash=baa3b8cda43b671a
2026-05-02 18:02:50,441 | INFO | Metadata | raw_a=0 | raw_b=2 | after_filters=1 | hash=baa3b8cda43b671a
2026-05-02 18:02:50,484 | INFO | Yakunlandi | hash=baa3b8cda43b671a | output=results\READY_FOR_AI_kraxmal.jpg
2026-05-02 18:02:54,639 | INFO | Rasm yuklandi | hash=029abe319e3d4be1 | path=karlikoviy_sepen2.jpg
2026-05-02 18:02:54,639 | INFO | Workflow chaqirilmoqda | hash=029abe319e3d4be1
2026-05-02 18:02:54,894 | INFO | Workflow javobi olindi | hash=029abe319e3d4be1 | keys=['color_mapping', 'total_count', 'predictions', 'class_counts', 'image_dimensions', 'workflow_metadata']
2026-05-02 18:02:54,895 | INFO | Aniqlandi | total=1 | classes=1 | hash=029abe319e3d4be1
2026-05-02 18:02:54,895 | INFO | Metadata | raw_a=1 | raw_b=1 | after_filters=1 | hash=029abe319e3d4be1
2026-05-02 18:02:54,935 | INFO | Yakunlandi | hash=029abe319e3d4be1 | output=results\READY_FOR_AI_karlikoviy_sepen2.jpg
2026-05-02 18:02:58,953 | INFO | Rasm yuklandi | hash=bbe4881444a7c6a8 | path=karlikoviy_sepen1.jpg
2026-05-02 18:02:58,953 | INFO | Workflow chaqirilmoqda | hash=bbe4881444a7c6a8
2026-05-02 18:02:59,215 | INFO | Workflow javobi olindi | hash=bbe4881444a7c6a8 | keys=['color_mapping', 'total_count', 'predictions', 'class_counts', 'image_dimensions', 'workflow_metadata']
2026-05-02 18:02:59,215 | INFO | Aniqlandi | total=1 | classes=1 | hash=bbe4881444a7c6a8
2026-05-02 18:02:59,215 | INFO | Metadata | raw_a=1 | raw_b=0 | after_filters=1 | hash=bbe4881444a7c6a8
2026-05-02 18:02:59,256 | INFO | Yakunlandi | hash=bbe4881444a7c6a8 | output=results\READY_FOR_AI_karlikoviy_sepen1.jpg
2026-05-02 18:03:02,474 | INFO | Rasm yuklandi | hash=2b0eaa97388375db | path=karlikoviy_sepen.jpg
2026-05-02 18:03:02,474 | INFO | Workflow chaqirilmoqda | hash=2b0eaa97388375db
2026-05-02 18:03:02,766 | INFO | Workflow javobi olindi | hash=2b0eaa97388375db | keys=['color_mapping', 'total_count', 'predictions', 'class_counts', 'image_dimensions', 'workflow_metadata']
2026-05-02 18:03:02,766 | INFO | Aniqlandi | total=1 | classes=1 | hash=2b0eaa97388375db
2026-05-02 18:03:02,766 | INFO | Metadata | raw_a=1 | raw_b=0 | after_filters=1 | hash=2b0eaa97388375db
2026-05-02 18:03:02,804 | INFO | Yakunlandi | hash=2b0eaa97388375db | output=results\READY_FOR_AI_karlikoviy_sepen.jpg
2026-05-02 18:03:05,994 | INFO | Rasm yuklandi | hash=8686280061f6ddf8 | path=askarida.jpg
2026-05-02 18:03:05,994 | INFO | Workflow chaqirilmoqda | hash=8686280061f6ddf8
2026-05-02 18:03:06,273 | INFO | Workflow javobi olindi | hash=8686280061f6ddf8 | keys=['color_mapping', 'total_count', 'predictions', 'class_counts', 'image_dimensions', 'workflow_metadata']
2026-05-02 18:03:06,274 | INFO | Aniqlandi | total=1 | classes=1 | hash=8686280061f6ddf8
2026-05-02 18:03:06,274 | INFO | Metadata | raw_a=1 | raw_b=1 | after_filters=1 | hash=8686280061f6ddf8
2026-05-02 18:03:06,317 | INFO | Yakunlandi | hash=8686280061f6ddf8 | output=results\READY_FOR_AI_askarida.jpg
2026-05-02 18:10:52,450 | INFO | Rasm yuklandi | hash=8686280061f6ddf8 | path=askarida.jpg
2026-05-02 18:10:52,450 | INFO | Workflow chaqirilmoqda | hash=8686280061f6ddf8
2026-05-02 18:11:08,216 | INFO | Workflow javobi olindi | hash=8686280061f6ddf8 | keys=['color_mapping', 'total_count', 'predictions', 'class_counts', 'image_dimensions', 'workflow_metadata']
2026-05-02 18:11:08,217 | INFO | Aniqlandi | total=1 | classes=1 | hash=8686280061f6ddf8
2026-05-02 18:11:08,217 | INFO | Metadata | raw_a=1 | raw_b=1 | after_filters=1 | hash=8686280061f6ddf8
2026-05-02 18:11:08,253 | INFO | Yakunlandi | hash=8686280061f6ddf8 | output=results\READY_FOR_AI_askarida.jpg
2026-05-02 18:11:14,846 | INFO | Rasm yuklandi | hash=2b0eaa97388375db | path=karlikoviy_sepen.jpg
2026-05-02 18:11:14,847 | INFO | Workflow chaqirilmoqda | hash=2b0eaa97388375db
2026-05-02 18:11:15,102 | INFO | Workflow javobi olindi | hash=2b0eaa97388375db | keys=['color_mapping', 'total_count', 'predictions', 'class_counts', 'image_dimensions', 'workflow_metadata']
2026-05-02 18:11:15,103 | INFO | Aniqlandi | total=1 | classes=1 | hash=2b0eaa97388375db
2026-05-02 18:11:15,103 | INFO | Metadata | raw_a=1 | raw_b=0 | after_filters=1 | hash=2b0eaa97388375db
2026-05-02 18:11:15,161 | INFO | Yakunlandi | hash=2b0eaa97388375db | output=results\READY_FOR_AI_karlikoviy_sepen.jpg
2026-05-02 18:11:19,776 | INFO | Rasm yuklandi | hash=bbe4881444a7c6a8 | path=karlikoviy_sepen1.jpg
2026-05-02 18:11:19,777 | INFO | Workflow chaqirilmoqda | hash=bbe4881444a7c6a8
2026-05-02 18:11:20,038 | INFO | Workflow javobi olindi | hash=bbe4881444a7c6a8 | keys=['color_mapping', 'total_count', 'predictions', 'class_counts', 'image_dimensions', 'workflow_metadata']
2026-05-02 18:11:20,038 | INFO | Aniqlandi | total=1 | classes=1 | hash=bbe4881444a7c6a8
2026-05-02 18:11:20,038 | INFO | Metadata | raw_a=1 | raw_b=0 | after_filters=1 | hash=bbe4881444a7c6a8
2026-05-02 18:11:20,077 | INFO | Yakunlandi | hash=bbe4881444a7c6a8 | output=results\READY_FOR_AI_karlikoviy_sepen1.jpg
2026-05-02 18:11:23,708 | INFO | Rasm yuklandi | hash=bbe4881444a7c6a8 | path=karlikoviy_sepen1.jpg
2026-05-02 18:11:23,709 | INFO | Workflow chaqirilmoqda | hash=bbe4881444a7c6a8
2026-05-02 18:11:23,964 | INFO | Workflow javobi olindi | hash=bbe4881444a7c6a8 | keys=['color_mapping', 'total_count', 'predictions', 'class_counts', 'image_dimensions', 'workflow_metadata']
2026-05-02 18:11:23,964 | INFO | Aniqlandi | total=1 | classes=1 | hash=bbe4881444a7c6a8
2026-05-02 18:11:23,965 | INFO | Metadata | raw_a=1 | raw_b=0 | after_filters=1 | hash=bbe4881444a7c6a8
2026-05-02 18:11:24,006 | INFO | Yakunlandi | hash=bbe4881444a7c6a8 | output=results\READY_FOR_AI_karlikoviy_sepen1.jpg
2026-05-02 18:11:29,113 | INFO | Rasm yuklandi | hash=baa3b8cda43b671a | path=kraxmal.jpg
2026-05-02 18:11:29,114 | INFO | Workflow chaqirilmoqda | hash=baa3b8cda43b671a
2026-05-02 18:11:29,410 | INFO | Workflow javobi olindi | hash=baa3b8cda43b671a | keys=['color_mapping', 'total_count', 'predictions', 'class_counts', 'image_dimensions', 'workflow_metadata']
2026-05-02 18:11:29,410 | INFO | Aniqlandi | total=0 | classes=0 | hash=baa3b8cda43b671a
2026-05-02 18:11:29,410 | INFO | Metadata | raw_a=0 | raw_b=2 | after_filters=0 | hash=baa3b8cda43b671a
2026-05-02 18:11:29,452 | INFO | Yakunlandi | hash=baa3b8cda43b671a | output=results\READY_FOR_AI_kraxmal.jpg
2026-05-02 18:11:34,668 | INFO | Rasm yuklandi | hash=a48bf67e438a4654 | path=lyambilya1.jpg
2026-05-02 18:11:34,668 | INFO | Workflow chaqirilmoqda | hash=a48bf67e438a4654
2026-05-02 18:11:34,913 | INFO | Workflow javobi olindi | hash=a48bf67e438a4654 | keys=['color_mapping', 'total_count', 'predictions', 'class_counts', 'image_dimensions', 'workflow_metadata']
2026-05-02 18:11:34,914 | INFO | Aniqlandi | total=1 | classes=1 | hash=a48bf67e438a4654
2026-05-02 18:11:34,914 | INFO | Metadata | raw_a=1 | raw_b=1 | after_filters=1 | hash=a48bf67e438a4654
2026-05-02 18:11:34,948 | INFO | Yakunlandi | hash=a48bf67e438a4654 | output=results\READY_FOR_AI_lyambilya1.jpg
2026-05-02 18:11:38,703 | INFO | Rasm yuklandi | hash=aa64f24b14a01149 | path=lyamla.jpg
2026-05-02 18:11:38,704 | INFO | Workflow chaqirilmoqda | hash=aa64f24b14a01149
2026-05-02 18:11:38,956 | INFO | Workflow javobi olindi | hash=aa64f24b14a01149 | keys=['color_mapping', 'total_count', 'predictions', 'class_counts', 'image_dimensions', 'workflow_metadata']
2026-05-02 18:11:38,956 | INFO | Aniqlandi | total=2 | classes=2 | hash=aa64f24b14a01149
2026-05-02 18:11:38,956 | INFO | Metadata | raw_a=1 | raw_b=4 | after_filters=2 | hash=aa64f24b14a01149
2026-05-02 18:11:38,990 | INFO | Yakunlandi | hash=aa64f24b14a01149 | output=results\READY_FOR_AI_lyamla.jpg
2026-05-02 18:11:42,660 | INFO | Rasm yuklandi | hash=7710e8926e41d922 | path=mushak_tolalari.jpg
2026-05-02 18:11:42,661 | INFO | Workflow chaqirilmoqda | hash=7710e8926e41d922
2026-05-02 18:11:42,937 | INFO | Workflow javobi olindi | hash=7710e8926e41d922 | keys=['color_mapping', 'total_count', 'predictions', 'class_counts', 'image_dimensions', 'workflow_metadata']
2026-05-02 18:11:42,937 | INFO | Aniqlandi | total=0 | classes=0 | hash=7710e8926e41d922
2026-05-02 18:11:42,937 | INFO | Metadata | raw_a=0 | raw_b=1 | after_filters=0 | hash=7710e8926e41d922
2026-05-02 18:11:42,979 | INFO | Yakunlandi | hash=7710e8926e41d922 | output=results\READY_FOR_AI_mushak_tolalari.jpg
2026-05-02 18:11:46,359 | INFO | Rasm yuklandi | hash=f122bb56a649f212 | path=ovqat tolalari.jpg
2026-05-02 18:11:46,359 | INFO | Workflow chaqirilmoqda | hash=f122bb56a649f212
2026-05-02 18:11:46,648 | INFO | Workflow javobi olindi | hash=f122bb56a649f212 | keys=['color_mapping', 'total_count', 'predictions', 'class_counts', 'image_dimensions', 'workflow_metadata']
2026-05-02 18:11:46,648 | INFO | Aniqlandi | total=0 | classes=0 | hash=f122bb56a649f212
2026-05-02 18:11:46,648 | INFO | Metadata | raw_a=0 | raw_b=1 | after_filters=0 | hash=f122bb56a649f212
2026-05-02 18:11:46,698 | INFO | Yakunlandi | hash=f122bb56a649f212 | output=results\READY_FOR_AI_ovqat tolalari.jpg
2026-05-02 18:11:50,543 | INFO | Rasm yuklandi | hash=3c52fb7fa0fdad63 | path=sitsa_lyambla.jpg
2026-05-02 18:11:50,544 | INFO | Workflow chaqirilmoqda | hash=3c52fb7fa0fdad63
2026-05-02 18:11:50,819 | INFO | Workflow javobi olindi | hash=3c52fb7fa0fdad63 | keys=['color_mapping', 'total_count', 'predictions', 'class_counts', 'image_dimensions', 'workflow_metadata']
2026-05-02 18:11:50,819 | INFO | Aniqlandi | total=1 | classes=1 | hash=3c52fb7fa0fdad63
2026-05-02 18:11:50,819 | INFO | Metadata | raw_a=1 | raw_b=1 | after_filters=1 | hash=3c52fb7fa0fdad63
2026-05-02 18:11:50,855 | INFO | Yakunlandi | hash=3c52fb7fa0fdad63 | output=results\READY_FOR_AI_sitsa_lyambla.jpg
2026-05-02 18:11:54,602 | INFO | Rasm yuklandi | hash=08ab64d3b612a767 | path=tenida.jpg
2026-05-02 18:11:54,602 | INFO | Workflow chaqirilmoqda | hash=08ab64d3b612a767
2026-05-02 18:11:54,853 | INFO | Workflow javobi olindi | hash=08ab64d3b612a767 | keys=['color_mapping', 'total_count', 'predictions', 'class_counts', 'image_dimensions', 'workflow_metadata']
2026-05-02 18:11:54,853 | INFO | Aniqlandi | total=2 | classes=1 | hash=08ab64d3b612a767
2026-05-02 18:11:54,853 | INFO | Metadata | raw_a=2 | raw_b=3 | after_filters=2 | hash=08ab64d3b612a767
2026-05-02 18:11:54,890 | INFO | Yakunlandi | hash=08ab64d3b612a767 | output=results\READY_FOR_AI_tenida.jpg
2026-05-02 18:15:54,690 | INFO | Rasm yuklandi | hash=08ab64d3b612a767 | path=tenida.jpg
2026-05-02 18:15:54,690 | INFO | Workflow chaqirilmoqda | hash=08ab64d3b612a767
2026-05-02 18:15:54,937 | INFO | Workflow javobi olindi | hash=08ab64d3b612a767 | keys=['color_mapping', 'total_count', 'predictions', 'class_counts', 'image_dimensions', 'workflow_metadata']
2026-05-02 18:15:54,937 | INFO | Aniqlandi | total=2 | classes=1 | hash=08ab64d3b612a767
2026-05-02 18:15:54,938 | INFO | Metadata | raw_a=2 | raw_b=3 | after_filters=2 | hash=08ab64d3b612a767
2026-05-02 18:15:54,971 | INFO | Yakunlandi | hash=08ab64d3b612a767 | output=results\READY_FOR_AI_tenida.jpg
2026-05-02 18:16:01,258 | INFO | Rasm yuklandi | hash=3c52fb7fa0fdad63 | path=sitsa_lyambla.jpg
2026-05-02 18:16:01,259 | INFO | Workflow chaqirilmoqda | hash=3c52fb7fa0fdad63
2026-05-02 18:16:01,507 | INFO | Workflow javobi olindi | hash=3c52fb7fa0fdad63 | keys=['color_mapping', 'total_count', 'predictions', 'class_counts', 'image_dimensions', 'workflow_metadata']
2026-05-02 18:16:01,507 | INFO | Aniqlandi | total=1 | classes=1 | hash=3c52fb7fa0fdad63
2026-05-02 18:16:01,507 | INFO | Metadata | raw_a=1 | raw_b=1 | after_filters=1 | hash=3c52fb7fa0fdad63
2026-05-02 18:16:01,561 | INFO | Yakunlandi | hash=3c52fb7fa0fdad63 | output=results\READY_FOR_AI_sitsa_lyambla.jpg
2026-05-02 18:16:04,992 | INFO | Rasm yuklandi | hash=f122bb56a649f212 | path=ovqat tolalari.jpg
2026-05-02 18:16:04,992 | INFO | Workflow chaqirilmoqda | hash=f122bb56a649f212
2026-05-02 18:16:05,254 | INFO | Workflow javobi olindi | hash=f122bb56a649f212 | keys=['color_mapping', 'total_count', 'predictions', 'class_counts', 'image_dimensions', 'workflow_metadata']
2026-05-02 18:16:05,255 | INFO | Aniqlandi | total=0 | classes=0 | hash=f122bb56a649f212
2026-05-02 18:16:05,255 | INFO | Metadata | raw_a=0 | raw_b=1 | after_filters=0 | hash=f122bb56a649f212
2026-05-02 18:16:05,316 | INFO | Yakunlandi | hash=f122bb56a649f212 | output=results\READY_FOR_AI_ovqat tolalari.jpg
2026-05-02 18:16:08,397 | INFO | Rasm yuklandi | hash=7710e8926e41d922 | path=mushak_tolalari.jpg
2026-05-02 18:16:08,398 | INFO | Workflow chaqirilmoqda | hash=7710e8926e41d922
2026-05-02 18:16:08,653 | INFO | Workflow javobi olindi | hash=7710e8926e41d922 | keys=['color_mapping', 'total_count', 'predictions', 'class_counts', 'image_dimensions', 'workflow_metadata']
2026-05-02 18:16:08,653 | INFO | Aniqlandi | total=0 | classes=0 | hash=7710e8926e41d922
2026-05-02 18:16:08,653 | INFO | Metadata | raw_a=0 | raw_b=1 | after_filters=0 | hash=7710e8926e41d922
2026-05-02 18:16:08,695 | INFO | Yakunlandi | hash=7710e8926e41d922 | output=results\READY_FOR_AI_mushak_tolalari.jpg
2026-05-02 18:16:11,907 | INFO | Rasm yuklandi | hash=aa64f24b14a01149 | path=lyamla.jpg
2026-05-02 18:16:11,907 | INFO | Workflow chaqirilmoqda | hash=aa64f24b14a01149
2026-05-02 18:16:12,136 | INFO | Workflow javobi olindi | hash=aa64f24b14a01149 | keys=['color_mapping', 'total_count', 'predictions', 'class_counts', 'image_dimensions', 'workflow_metadata']
2026-05-02 18:16:12,136 | INFO | Aniqlandi | total=2 | classes=2 | hash=aa64f24b14a01149
2026-05-02 18:16:12,136 | INFO | Metadata | raw_a=1 | raw_b=4 | after_filters=2 | hash=aa64f24b14a01149
2026-05-02 18:16:12,168 | INFO | Yakunlandi | hash=aa64f24b14a01149 | output=results\READY_FOR_AI_lyamla.jpg
2026-05-02 18:16:15,220 | INFO | Rasm yuklandi | hash=a48bf67e438a4654 | path=lyambilya1.jpg
2026-05-02 18:16:15,221 | INFO | Workflow chaqirilmoqda | hash=a48bf67e438a4654
2026-05-02 18:16:15,453 | INFO | Workflow javobi olindi | hash=a48bf67e438a4654 | keys=['color_mapping', 'total_count', 'predictions', 'class_counts', 'image_dimensions', 'workflow_metadata']
2026-05-02 18:16:15,453 | INFO | Aniqlandi | total=1 | classes=1 | hash=a48bf67e438a4654
2026-05-02 18:16:15,453 | INFO | Metadata | raw_a=1 | raw_b=1 | after_filters=1 | hash=a48bf67e438a4654
2026-05-02 18:16:15,489 | INFO | Yakunlandi | hash=a48bf67e438a4654 | output=results\READY_FOR_AI_lyambilya1.jpg
2026-05-02 18:16:18,455 | INFO | Rasm yuklandi | hash=baa3b8cda43b671a | path=kraxmal.jpg
2026-05-02 18:16:18,455 | INFO | Workflow chaqirilmoqda | hash=baa3b8cda43b671a
2026-05-02 18:16:18,697 | INFO | Workflow javobi olindi | hash=baa3b8cda43b671a | keys=['color_mapping', 'total_count', 'predictions', 'class_counts', 'image_dimensions', 'workflow_metadata']
2026-05-02 18:16:18,697 | INFO | Aniqlandi | total=0 | classes=0 | hash=baa3b8cda43b671a
2026-05-02 18:16:18,697 | INFO | Metadata | raw_a=0 | raw_b=2 | after_filters=0 | hash=baa3b8cda43b671a
2026-05-02 18:16:18,759 | INFO | Yakunlandi | hash=baa3b8cda43b671a | output=results\READY_FOR_AI_kraxmal.jpg
2026-05-02 18:16:21,919 | INFO | Rasm yuklandi | hash=029abe319e3d4be1 | path=karlikoviy_sepen2.jpg
2026-05-02 18:16:21,919 | INFO | Workflow chaqirilmoqda | hash=029abe319e3d4be1
2026-05-02 18:16:22,183 | INFO | Workflow javobi olindi | hash=029abe319e3d4be1 | keys=['color_mapping', 'total_count', 'predictions', 'class_counts', 'image_dimensions', 'workflow_metadata']
2026-05-02 18:16:22,183 | INFO | Aniqlandi | total=1 | classes=1 | hash=029abe319e3d4be1
2026-05-02 18:16:22,184 | INFO | Metadata | raw_a=1 | raw_b=1 | after_filters=1 | hash=029abe319e3d4be1
2026-05-02 18:16:22,217 | INFO | Yakunlandi | hash=029abe319e3d4be1 | output=results\READY_FOR_AI_karlikoviy_sepen2.jpg
2026-05-02 18:16:25,773 | INFO | Rasm yuklandi | hash=bbe4881444a7c6a8 | path=karlikoviy_sepen1.jpg
2026-05-02 18:16:25,773 | INFO | Workflow chaqirilmoqda | hash=bbe4881444a7c6a8
2026-05-02 18:16:26,011 | INFO | Workflow javobi olindi | hash=bbe4881444a7c6a8 | keys=['color_mapping', 'total_count', 'predictions', 'class_counts', 'image_dimensions', 'workflow_metadata']
2026-05-02 18:16:26,012 | INFO | Aniqlandi | total=1 | classes=1 | hash=bbe4881444a7c6a8
2026-05-02 18:16:26,012 | INFO | Metadata | raw_a=1 | raw_b=0 | after_filters=1 | hash=bbe4881444a7c6a8
2026-05-02 18:16:26,048 | INFO | Yakunlandi | hash=bbe4881444a7c6a8 | output=results\READY_FOR_AI_karlikoviy_sepen1.jpg
2026-05-02 18:16:29,038 | INFO | Rasm yuklandi | hash=2b0eaa97388375db | path=karlikoviy_sepen.jpg
2026-05-02 18:16:29,039 | INFO | Workflow chaqirilmoqda | hash=2b0eaa97388375db
2026-05-02 18:16:29,276 | INFO | Workflow javobi olindi | hash=2b0eaa97388375db | keys=['color_mapping', 'total_count', 'predictions', 'class_counts', 'image_dimensions', 'workflow_metadata']
2026-05-02 18:16:29,277 | INFO | Aniqlandi | total=1 | classes=1 | hash=2b0eaa97388375db
2026-05-02 18:16:29,277 | INFO | Metadata | raw_a=1 | raw_b=0 | after_filters=1 | hash=2b0eaa97388375db
2026-05-02 18:16:29,311 | INFO | Yakunlandi | hash=2b0eaa97388375db | output=results\READY_FOR_AI_karlikoviy_sepen.jpg
2026-05-02 18:16:32,272 | INFO | Rasm yuklandi | hash=8686280061f6ddf8 | path=askarida.jpg
2026-05-02 18:16:32,272 | INFO | Workflow chaqirilmoqda | hash=8686280061f6ddf8
2026-05-02 18:16:32,537 | INFO | Workflow javobi olindi | hash=8686280061f6ddf8 | keys=['color_mapping', 'total_count', 'predictions', 'class_counts', 'image_dimensions', 'workflow_metadata']
2026-05-02 18:16:32,537 | INFO | Aniqlandi | total=1 | classes=1 | hash=8686280061f6ddf8
2026-05-02 18:16:32,537 | INFO | Metadata | raw_a=1 | raw_b=1 | after_filters=1 | hash=8686280061f6ddf8
2026-05-02 18:16:32,570 | INFO | Yakunlandi | hash=8686280061f6ddf8 | output=results\READY_FOR_AI_askarida.jpg
2026-05-02 18:16:35,774 | INFO | Rasm yuklandi | hash=08ab64d3b612a767 | path=tenida.jpg
2026-05-02 18:16:35,774 | INFO | Workflow chaqirilmoqda | hash=08ab64d3b612a767
2026-05-02 18:16:36,009 | INFO | Workflow javobi olindi | hash=08ab64d3b612a767 | keys=['color_mapping', 'total_count', 'predictions', 'class_counts', 'image_dimensions', 'workflow_metadata']
2026-05-02 18:16:36,009 | INFO | Aniqlandi | total=2 | classes=1 | hash=08ab64d3b612a767
2026-05-02 18:16:36,010 | INFO | Metadata | raw_a=2 | raw_b=3 | after_filters=2 | hash=08ab64d3b612a767
2026-05-02 18:16:36,044 | INFO | Yakunlandi | hash=08ab64d3b612a767 | output=results\READY_FOR_AI_tenida.jpg
2026-05-02 18:16:38,897 | INFO | Rasm yuklandi | hash=aa64f24b14a01149 | path=lyamla.jpg
2026-05-02 18:16:38,898 | INFO | Workflow chaqirilmoqda | hash=aa64f24b14a01149
2026-05-02 18:16:39,127 | INFO | Workflow javobi olindi | hash=aa64f24b14a01149 | keys=['color_mapping', 'total_count', 'predictions', 'class_counts', 'image_dimensions', 'workflow_metadata']
2026-05-02 18:16:39,128 | INFO | Aniqlandi | total=2 | classes=2 | hash=aa64f24b14a01149
2026-05-02 18:16:39,128 | INFO | Metadata | raw_a=1 | raw_b=4 | after_filters=2 | hash=aa64f24b14a01149
2026-05-02 18:16:39,158 | INFO | Yakunlandi | hash=aa64f24b14a01149 | output=results\READY_FOR_AI_lyamla.jpg
2026-05-02 18:19:10,803 | INFO | Rasm yuklandi | hash=aa64f24b14a01149 | path=lyamla.jpg
2026-05-02 18:19:10,803 | INFO | Workflow chaqirilmoqda | hash=aa64f24b14a01149
2026-05-02 18:19:11,056 | INFO | Workflow javobi olindi | hash=aa64f24b14a01149 | keys=['color_mapping', 'total_count', 'predictions', 'class_counts', 'image_dimensions', 'workflow_metadata']
2026-05-02 18:19:11,056 | INFO | Aniqlandi | total=2 | classes=2 | hash=aa64f24b14a01149
2026-05-02 18:19:11,057 | INFO | Metadata | raw_a=1 | raw_b=4 | after_filters=2 | hash=aa64f24b14a01149
2026-05-02 18:19:11,088 | INFO | Yakunlandi | hash=aa64f24b14a01149 | output=results\READY_FOR_AI_lyamla.jpg
2026-05-02 18:20:31,420 | INFO | Rasm yuklandi | hash=aa64f24b14a01149 | path=lyamla.jpg
2026-05-02 18:20:31,420 | INFO | Workflow chaqirilmoqda | hash=aa64f24b14a01149
2026-05-02 18:20:31,685 | INFO | Workflow javobi olindi | hash=aa64f24b14a01149 | keys=['color_mapping', 'total_count', 'predictions', 'class_counts', 'image_dimensions', 'workflow_metadata']
2026-05-02 18:20:31,685 | INFO | Aniqlandi | total=2 | classes=2 | hash=aa64f24b14a01149
2026-05-02 18:20:31,686 | INFO | Metadata | raw_a=1 | raw_b=4 | after_filters=2 | hash=aa64f24b14a01149
2026-05-02 18:20:31,717 | INFO | Yakunlandi | hash=aa64f24b14a01149 | output=results\READY_FOR_AI_lyamla.jpg
2026-05-02 18:20:46,783 | INFO | Rasm yuklandi | hash=aa64f24b14a01149 | path=lyamla.jpg
2026-05-02 18:20:46,783 | INFO | Workflow chaqirilmoqda | hash=aa64f24b14a01149
2026-05-02 18:20:47,041 | INFO | Workflow javobi olindi | hash=aa64f24b14a01149 | keys=['color_mapping', 'total_count', 'predictions', 'class_counts', 'image_dimensions', 'workflow_metadata']
2026-05-02 18:20:47,041 | INFO | Aniqlandi | total=2 | classes=2 | hash=aa64f24b14a01149
2026-05-02 18:20:47,041 | INFO | Metadata | raw_a=1 | raw_b=4 | after_filters=2 | hash=aa64f24b14a01149
2026-05-02 18:20:47,071 | INFO | Yakunlandi | hash=aa64f24b14a01149 | output=results\READY_FOR_AI_lyamla.jpg
2026-05-02 18:27:30,892 | INFO | Rasm yuklandi | hash=aa64f24b14a01149 | path=lyamla.jpg
2026-05-02 18:27:30,893 | INFO | Workflow chaqirilmoqda | hash=aa64f24b14a01149
2026-05-02 18:27:31,948 | INFO | Workflow javobi olindi | hash=aa64f24b14a01149 | keys=['color_mapping', 'total_count', 'predictions', 'class_counts', 'image_dimensions', 'workflow_metadata']
2026-05-02 18:27:31,949 | INFO | Aniqlandi | total=5 | classes=2 | hash=aa64f24b14a01149
2026-05-02 18:27:31,949 | INFO | Metadata | raw_a=1 | raw_b=4 | after_filters=5 | hash=aa64f24b14a01149
2026-05-02 18:27:31,980 | INFO | Yakunlandi | hash=aa64f24b14a01149 | output=results\READY_FOR_AI_lyamla.jpg
2026-05-02 18:28:09,504 | INFO | Rasm yuklandi | hash=8686280061f6ddf8 | path=askarida.jpg
2026-05-02 18:28:09,504 | INFO | Workflow chaqirilmoqda | hash=8686280061f6ddf8
2026-05-02 18:28:09,758 | INFO | Workflow javobi olindi | hash=8686280061f6ddf8 | keys=['color_mapping', 'total_count', 'predictions', 'class_counts', 'image_dimensions', 'workflow_metadata']
2026-05-02 18:28:09,758 | INFO | Aniqlandi | total=1 | classes=1 | hash=8686280061f6ddf8
2026-05-02 18:28:09,758 | INFO | Metadata | raw_a=1 | raw_b=1 | after_filters=1 | hash=8686280061f6ddf8
2026-05-02 18:28:09,793 | INFO | Yakunlandi | hash=8686280061f6ddf8 | output=results\READY_FOR_AI_askarida.jpg
2026-05-02 18:29:18,175 | INFO | Rasm yuklandi | hash=8686280061f6ddf8 | path=askarida.jpg
2026-05-02 18:29:18,175 | INFO | Workflow chaqirilmoqda | hash=8686280061f6ddf8
2026-05-02 18:29:18,456 | INFO | Workflow javobi olindi | hash=8686280061f6ddf8 | keys=['color_mapping', 'total_count', 'predictions', 'class_counts', 'image_dimensions', 'workflow_metadata']
2026-05-02 18:29:18,457 | INFO | Aniqlandi | total=1 | classes=1 | hash=8686280061f6ddf8
2026-05-02 18:29:18,457 | INFO | Metadata | raw_a=1 | raw_b=1 | after_filters=1 | hash=8686280061f6ddf8
2026-05-02 18:29:18,498 | INFO | Yakunlandi | hash=8686280061f6ddf8 | output=results\READY_FOR_AI_askarida.jpg
2026-05-02 18:33:13,683 | INFO | Rasm yuklandi | hash=8686280061f6ddf8 | path=askarida.jpg
2026-05-02 18:33:13,683 | INFO | Workflow chaqirilmoqda | hash=8686280061f6ddf8
2026-05-02 18:33:13,957 | INFO | Workflow javobi olindi | hash=8686280061f6ddf8 | keys=['color_mapping', 'total_count', 'predictions', 'class_counts', 'image_dimensions', 'workflow_metadata']
2026-05-02 18:33:13,958 | INFO | Aniqlandi | total=1 | classes=1 | hash=8686280061f6ddf8
2026-05-02 18:33:13,958 | INFO | Metadata | raw_a=1 | raw_b=1 | after_filters=1 | hash=8686280061f6ddf8
2026-05-02 18:33:13,999 | INFO | Yakunlandi | hash=8686280061f6ddf8 | output=results\READY_FOR_AI_askarida.jpg
2026-05-02 18:35:54,418 | INFO | Rasm yuklandi | hash=8686280061f6ddf8 | path=askarida.jpg
2026-05-02 18:35:54,418 | INFO | Workflow chaqirilmoqda | hash=8686280061f6ddf8
2026-05-02 18:35:54,682 | INFO | Workflow javobi olindi | hash=8686280061f6ddf8 | keys=['color_mapping', 'total_count', 'predictions', 'class_counts', 'image_dimensions', 'workflow_metadata']
2026-05-02 18:35:54,683 | INFO | Aniqlandi | total=1 | classes=1 | hash=8686280061f6ddf8
2026-05-02 18:35:54,683 | INFO | Metadata | raw_a=1 | raw_b=1 | after_filters=1 | hash=8686280061f6ddf8
2026-05-02 18:35:54,716 | INFO | Yakunlandi | hash=8686280061f6ddf8 | output=results\READY_FOR_AI_askarida.jpg
2026-05-02 18:36:08,501 | INFO | Rasm yuklandi | hash=8686280061f6ddf8 | path=askarida.jpg
2026-05-02 18:36:08,502 | INFO | Workflow chaqirilmoqda | hash=8686280061f6ddf8
2026-05-02 18:36:08,744 | INFO | Workflow javobi olindi | hash=8686280061f6ddf8 | keys=['color_mapping', 'total_count', 'predictions', 'class_counts', 'image_dimensions', 'workflow_metadata']
2026-05-02 18:36:08,744 | INFO | Aniqlandi | total=1 | classes=1 | hash=8686280061f6ddf8
2026-05-02 18:36:08,744 | INFO | Metadata | raw_a=1 | raw_b=1 | after_filters=1 | hash=8686280061f6ddf8
2026-05-02 18:36:08,779 | INFO | Yakunlandi | hash=8686280061f6ddf8 | output=results\READY_FOR_AI_askarida.jpg
2026-05-02 18:38:12,138 | INFO | Rasm yuklandi | hash=8686280061f6ddf8 | path=askarida.jpg
2026-05-02 18:38:12,139 | INFO | Workflow chaqirilmoqda | hash=8686280061f6ddf8
2026-05-02 18:38:12,459 | INFO | Workflow javobi olindi | hash=8686280061f6ddf8 | keys=['color_mapping', 'total_count', 'predictions', 'class_counts', 'image_dimensions', 'workflow_metadata']
2026-05-02 18:38:12,459 | INFO | Aniqlandi | total=1 | classes=1 | hash=8686280061f6ddf8
2026-05-02 18:38:12,459 | INFO | Metadata | raw_a=1 | raw_b=1 | after_filters=1 | hash=8686280061f6ddf8
2026-05-02 18:38:12,495 | INFO | Yakunlandi | hash=8686280061f6ddf8 | output=results\READY_FOR_AI_askarida.jpg
2026-05-02 18:38:32,307 | INFO | Rasm yuklandi | hash=8686280061f6ddf8 | path=askarida.jpg
2026-05-02 18:38:32,307 | INFO | Workflow chaqirilmoqda | hash=8686280061f6ddf8
2026-05-02 18:38:32,600 | INFO | Workflow javobi olindi | hash=8686280061f6ddf8 | keys=['color_mapping', 'total_count', 'predictions', 'class_counts', 'image_dimensions', 'workflow_metadata']
2026-05-02 18:38:32,601 | INFO | Aniqlandi | total=1 | classes=1 | hash=8686280061f6ddf8
2026-05-02 18:38:32,601 | INFO | Metadata | raw_a=1 | raw_b=1 | after_filters=1 | hash=8686280061f6ddf8
2026-05-02 18:38:32,652 | INFO | Yakunlandi | hash=8686280061f6ddf8 | output=results\READY_FOR_AI_askarida.jpg
2026-05-02 18:39:51,783 | INFO | Rasm yuklandi | hash=8686280061f6ddf8 | path=askarida.jpg
2026-05-02 18:39:51,783 | INFO | Workflow chaqirilmoqda | hash=8686280061f6ddf8
2026-05-02 18:39:52,076 | INFO | Workflow javobi olindi | hash=8686280061f6ddf8 | keys=['color_mapping', 'total_count', 'predictions', 'class_counts', 'image_dimensions', 'workflow_metadata']
2026-05-02 18:39:52,077 | INFO | Aniqlandi | total=1 | classes=1 | hash=8686280061f6ddf8
2026-05-02 18:39:52,077 | INFO | Metadata | raw_a=1 | raw_b=1 | after_filters=1 | hash=8686280061f6ddf8
2026-05-02 18:39:52,117 | INFO | Yakunlandi | hash=8686280061f6ddf8 | output=results\READY_FOR_AI_askarida.jpg
2026-05-02 18:54:28,546 | INFO | Rasm yuklandi | hash=8686280061f6ddf8 | path=askarida.jpg
2026-05-02 18:54:28,546 | INFO | Workflow chaqirilmoqda | hash=8686280061f6ddf8
2026-05-02 18:54:29,625 | INFO | Workflow javobi olindi | hash=8686280061f6ddf8 | keys=['color_mapping', 'total_count', 'predictions', 'class_counts', 'image_dimensions', 'workflow_metadata']
2026-05-02 18:54:29,626 | INFO | Aniqlandi | total=1 | classes=1 | hash=8686280061f6ddf8
2026-05-02 18:54:29,626 | INFO | Metadata | raw_a=1 | raw_b=1 | after_filters=1 | hash=8686280061f6ddf8
2026-05-02 18:54:29,680 | INFO | Yakunlandi | hash=8686280061f6ddf8 | output=results\READY_FOR_AI_askarida.jpg
2026-05-02 18:59:52,195 | INFO | Rasm yuklandi | hash=8686280061f6ddf8 | path=askarida.jpg
2026-05-02 18:59:52,195 | INFO | Workflow chaqirilmoqda | hash=8686280061f6ddf8
2026-05-02 18:59:52,506 | INFO | Workflow javobi olindi | hash=8686280061f6ddf8 | keys=['color_mapping', 'total_count', 'predictions', 'class_counts', 'image_dimensions', 'workflow_metadata']
2026-05-02 18:59:52,506 | INFO | Aniqlandi | total=1 | classes=1 | hash=8686280061f6ddf8
2026-05-02 18:59:52,506 | INFO | Metadata | raw_a=1 | raw_b=1 | after_filters=1 | hash=8686280061f6ddf8
2026-05-02 18:59:52,541 | INFO | Yakunlandi | hash=8686280061f6ddf8 | output=results\READY_FOR_AI_askarida.jpg
2026-05-02 19:00:32,930 | INFO | Rasm yuklandi | hash=8686280061f6ddf8 | path=askarida.jpg
2026-05-02 19:00:32,930 | INFO | Workflow chaqirilmoqda | hash=8686280061f6ddf8
2026-05-02 19:00:33,207 | INFO | Workflow javobi olindi | hash=8686280061f6ddf8 | keys=['color_mapping', 'total_count', 'predictions', 'class_counts', 'image_dimensions', 'workflow_metadata']
2026-05-02 19:00:33,207 | INFO | Aniqlandi | total=1 | classes=1 | hash=8686280061f6ddf8
2026-05-02 19:00:33,207 | INFO | Metadata | raw_a=1 | raw_b=1 | after_filters=1 | hash=8686280061f6ddf8
2026-05-02 19:00:33,247 | INFO | Yakunlandi | hash=8686280061f6ddf8 | output=results\READY_FOR_AI_askarida.jpg
2026-05-02 19:00:51,473 | INFO | Rasm yuklandi | hash=8686280061f6ddf8 | path=askarida.jpg
2026-05-02 19:00:51,473 | INFO | Workflow chaqirilmoqda | hash=8686280061f6ddf8
2026-05-02 19:00:51,725 | INFO | Workflow javobi olindi | hash=8686280061f6ddf8 | keys=['color_mapping', 'total_count', 'predictions', 'class_counts', 'image_dimensions', 'workflow_metadata']
2026-05-02 19:00:51,725 | INFO | Aniqlandi | total=1 | classes=1 | hash=8686280061f6ddf8
2026-05-02 19:00:51,725 | INFO | Metadata | raw_a=1 | raw_b=1 | after_filters=1 | hash=8686280061f6ddf8
2026-05-02 19:00:51,760 | INFO | Yakunlandi | hash=8686280061f6ddf8 | output=results\READY_FOR_AI_askarida.jpg
2026-05-02 19:01:00,206 | INFO | Rasm yuklandi | hash=8686280061f6ddf8 | path=askarida.jpg
2026-05-02 19:01:00,207 | INFO | Workflow chaqirilmoqda | hash=8686280061f6ddf8
2026-05-02 19:01:00,495 | INFO | Workflow javobi olindi | hash=8686280061f6ddf8 | keys=['color_mapping', 'total_count', 'predictions', 'class_counts', 'image_dimensions', 'workflow_metadata']
2026-05-02 19:01:00,496 | INFO | Aniqlandi | total=1 | classes=1 | hash=8686280061f6ddf8
2026-05-02 19:01:00,496 | INFO | Metadata | raw_a=1 | raw_b=1 | after_filters=1 | hash=8686280061f6ddf8
2026-05-02 19:01:00,542 | INFO | Yakunlandi | hash=8686280061f6ddf8 | output=results\READY_FOR_AI_askarida.jpg
2026-05-02 19:05:47,895 | INFO | Rasm yuklandi | hash=8686280061f6ddf8 | path=askarida.jpg
2026-05-02 19:05:47,895 | INFO | Workflow chaqirilmoqda | hash=8686280061f6ddf8
2026-05-02 19:05:48,170 | INFO | Workflow javobi olindi | hash=8686280061f6ddf8 | keys=['color_mapping', 'total_count', 'predictions', 'class_counts', 'image_dimensions', 'workflow_metadata']
2026-05-02 19:05:48,170 | INFO | Aniqlandi | total=1 | classes=1 | hash=8686280061f6ddf8
2026-05-02 19:05:48,170 | INFO | Metadata | raw_a=1 | raw_b=1 | after_filters=1 | hash=8686280061f6ddf8
2026-05-02 19:05:48,212 | INFO | Yakunlandi | hash=8686280061f6ddf8 | output=results\READY_FOR_AI_askarida.jpg
2026-05-02 19:07:35,059 | INFO | Rasm yuklandi | hash=8686280061f6ddf8 | path=askarida.jpg
2026-05-02 19:07:35,059 | INFO | Workflow chaqirilmoqda | hash=8686280061f6ddf8
2026-05-02 19:07:35,340 | INFO | Workflow javobi olindi | hash=8686280061f6ddf8 | keys=['color_mapping', 'total_count', 'predictions', 'class_counts', 'image_dimensions', 'workflow_metadata']
2026-05-02 19:07:35,340 | INFO | Aniqlandi | total=1 | classes=1 | hash=8686280061f6ddf8
2026-05-02 19:07:35,341 | INFO | Metadata | raw_a=1 | raw_b=1 | after_filters=1 | hash=8686280061f6ddf8
2026-05-02 19:07:35,377 | INFO | Yakunlandi | hash=8686280061f6ddf8 | output=results\READY_FOR_AI_askarida.jpg
2026-05-02 19:12:17,866 | INFO | Rasm yuklandi | hash=8686280061f6ddf8 | path=askarida.jpg
2026-05-02 19:12:17,867 | INFO | Workflow chaqirilmoqda | hash=8686280061f6ddf8
2026-05-02 19:12:19,068 | INFO | Workflow javobi olindi | hash=8686280061f6ddf8 | keys=['color_mapping', 'total_count', 'predictions', 'class_counts', 'image_dimensions', 'workflow_metadata']
2026-05-02 19:12:19,069 | INFO | Aniqlandi | total=1 | classes=1 | hash=8686280061f6ddf8
2026-05-02 19:12:19,069 | INFO | Metadata | raw_a=1 | raw_b=1 | after_filters=1 | hash=8686280061f6ddf8
2026-05-02 19:12:19,105 | INFO | Yakunlandi | hash=8686280061f6ddf8 | output=results\READY_FOR_AI_askarida.jpg
2026-05-02 19:12:44,392 | INFO | Rasm yuklandi | hash=2b0eaa97388375db | path=karlikoviy_sepen.jpg
2026-05-02 19:12:44,392 | INFO | Workflow chaqirilmoqda | hash=2b0eaa97388375db
2026-05-02 19:12:44,691 | INFO | Workflow javobi olindi | hash=2b0eaa97388375db | keys=['color_mapping', 'total_count', 'predictions', 'class_counts', 'image_dimensions', 'workflow_metadata']
2026-05-02 19:12:44,691 | INFO | Aniqlandi | total=1 | classes=1 | hash=2b0eaa97388375db
2026-05-02 19:12:44,691 | INFO | Metadata | raw_a=1 | raw_b=0 | after_filters=1 | hash=2b0eaa97388375db
2026-05-02 19:12:44,733 | INFO | Yakunlandi | hash=2b0eaa97388375db | output=results\READY_FOR_AI_karlikoviy_sepen.jpg
2026-05-02 19:12:51,939 | INFO | Rasm yuklandi | hash=bbe4881444a7c6a8 | path=karlikoviy_sepen1.jpg
2026-05-02 19:12:51,940 | INFO | Workflow chaqirilmoqda | hash=bbe4881444a7c6a8
2026-05-02 19:12:52,208 | INFO | Workflow javobi olindi | hash=bbe4881444a7c6a8 | keys=['color_mapping', 'total_count', 'predictions', 'class_counts', 'image_dimensions', 'workflow_metadata']
2026-05-02 19:12:52,208 | INFO | Aniqlandi | total=1 | classes=1 | hash=bbe4881444a7c6a8
2026-05-02 19:12:52,208 | INFO | Metadata | raw_a=1 | raw_b=0 | after_filters=1 | hash=bbe4881444a7c6a8
2026-05-02 19:12:52,292 | INFO | Yakunlandi | hash=bbe4881444a7c6a8 | output=results\READY_FOR_AI_karlikoviy_sepen1.jpg
2026-05-02 19:13:02,228 | INFO | Rasm yuklandi | hash=029abe319e3d4be1 | path=karlikoviy_sepen2.jpg
2026-05-02 19:13:02,228 | INFO | Workflow chaqirilmoqda | hash=029abe319e3d4be1
2026-05-02 19:13:02,502 | INFO | Workflow javobi olindi | hash=029abe319e3d4be1 | keys=['color_mapping', 'total_count', 'predictions', 'class_counts', 'image_dimensions', 'workflow_metadata']
2026-05-02 19:13:02,502 | INFO | Aniqlandi | total=1 | classes=1 | hash=029abe319e3d4be1
2026-05-02 19:13:02,502 | INFO | Metadata | raw_a=1 | raw_b=1 | after_filters=1 | hash=029abe319e3d4be1
2026-05-02 19:13:02,540 | INFO | Yakunlandi | hash=029abe319e3d4be1 | output=results\READY_FOR_AI_karlikoviy_sepen2.jpg
2026-05-02 19:13:11,292 | INFO | Rasm yuklandi | hash=baa3b8cda43b671a | path=kraxmal.jpg
2026-05-02 19:13:11,293 | INFO | Workflow chaqirilmoqda | hash=baa3b8cda43b671a
2026-05-02 19:13:11,582 | INFO | Workflow javobi olindi | hash=baa3b8cda43b671a | keys=['color_mapping', 'total_count', 'predictions', 'class_counts', 'image_dimensions', 'workflow_metadata']
2026-05-02 19:13:11,583 | INFO | Aniqlandi | total=1 | classes=1 | hash=baa3b8cda43b671a
2026-05-02 19:13:11,583 | INFO | Metadata | raw_a=0 | raw_b=2 | after_filters=1 | hash=baa3b8cda43b671a
2026-05-02 19:13:11,626 | INFO | Yakunlandi | hash=baa3b8cda43b671a | output=results\READY_FOR_AI_kraxmal.jpg
2026-05-02 19:13:18,199 | INFO | Rasm yuklandi | hash=a48bf67e438a4654 | path=lyambilya1.jpg
2026-05-02 19:13:18,199 | INFO | Workflow chaqirilmoqda | hash=a48bf67e438a4654
2026-05-02 19:13:18,455 | INFO | Workflow javobi olindi | hash=a48bf67e438a4654 | keys=['color_mapping', 'total_count', 'predictions', 'class_counts', 'image_dimensions', 'workflow_metadata']
2026-05-02 19:13:18,455 | INFO | Aniqlandi | total=1 | classes=1 | hash=a48bf67e438a4654
2026-05-02 19:13:18,455 | INFO | Metadata | raw_a=1 | raw_b=1 | after_filters=1 | hash=a48bf67e438a4654
2026-05-02 19:13:18,495 | INFO | Yakunlandi | hash=a48bf67e438a4654 | output=results\READY_FOR_AI_lyambilya1.jpg
2026-05-02 19:13:24,234 | INFO | Rasm yuklandi | hash=aa64f24b14a01149 | path=lyamla.jpg
2026-05-02 19:13:24,235 | INFO | Workflow chaqirilmoqda | hash=aa64f24b14a01149
2026-05-02 19:13:24,493 | INFO | Workflow javobi olindi | hash=aa64f24b14a01149 | keys=['color_mapping', 'total_count', 'predictions', 'class_counts', 'image_dimensions', 'workflow_metadata']
2026-05-02 19:13:24,493 | INFO | Aniqlandi | total=5 | classes=2 | hash=aa64f24b14a01149
2026-05-02 19:13:24,493 | INFO | Metadata | raw_a=1 | raw_b=4 | after_filters=5 | hash=aa64f24b14a01149
2026-05-02 19:13:24,528 | INFO | Yakunlandi | hash=aa64f24b14a01149 | output=results\READY_FOR_AI_lyamla.jpg
2026-05-02 19:13:30,975 | INFO | Rasm yuklandi | hash=7710e8926e41d922 | path=mushak_tolalari.jpg
2026-05-02 19:13:30,976 | INFO | Workflow chaqirilmoqda | hash=7710e8926e41d922
2026-05-02 19:13:31,241 | INFO | Workflow javobi olindi | hash=7710e8926e41d922 | keys=['color_mapping', 'total_count', 'predictions', 'class_counts', 'image_dimensions', 'workflow_metadata']
2026-05-02 19:13:31,241 | INFO | Aniqlandi | total=0 | classes=0 | hash=7710e8926e41d922
2026-05-02 19:13:31,241 | INFO | Metadata | raw_a=0 | raw_b=1 | after_filters=0 | hash=7710e8926e41d922
2026-05-02 19:13:31,282 | INFO | Yakunlandi | hash=7710e8926e41d922 | output=results\READY_FOR_AI_mushak_tolalari.jpg
2026-05-02 19:13:37,922 | INFO | Rasm yuklandi | hash=f122bb56a649f212 | path=ovqat tolalari.jpg
2026-05-02 19:13:37,922 | INFO | Workflow chaqirilmoqda | hash=f122bb56a649f212
2026-05-02 19:13:38,191 | INFO | Workflow javobi olindi | hash=f122bb56a649f212 | keys=['color_mapping', 'total_count', 'predictions', 'class_counts', 'image_dimensions', 'workflow_metadata']
2026-05-02 19:13:38,191 | INFO | Aniqlandi | total=0 | classes=0 | hash=f122bb56a649f212
2026-05-02 19:13:38,191 | INFO | Metadata | raw_a=0 | raw_b=1 | after_filters=0 | hash=f122bb56a649f212
2026-05-02 19:13:38,230 | INFO | Yakunlandi | hash=f122bb56a649f212 | output=results\READY_FOR_AI_ovqat tolalari.jpg
2026-05-02 19:13:48,815 | INFO | Rasm yuklandi | hash=3c52fb7fa0fdad63 | path=sitsa_lyambla.jpg
2026-05-02 19:13:48,815 | INFO | Workflow chaqirilmoqda | hash=3c52fb7fa0fdad63
2026-05-02 19:13:49,080 | INFO | Workflow javobi olindi | hash=3c52fb7fa0fdad63 | keys=['color_mapping', 'total_count', 'predictions', 'class_counts', 'image_dimensions', 'workflow_metadata']
2026-05-02 19:13:49,081 | INFO | Aniqlandi | total=1 | classes=1 | hash=3c52fb7fa0fdad63
2026-05-02 19:13:49,081 | INFO | Metadata | raw_a=1 | raw_b=1 | after_filters=1 | hash=3c52fb7fa0fdad63
2026-05-02 19:13:49,117 | INFO | Yakunlandi | hash=3c52fb7fa0fdad63 | output=results\READY_FOR_AI_sitsa_lyambla.jpg
2026-05-02 19:13:54,790 | INFO | Rasm yuklandi | hash=08ab64d3b612a767 | path=tenida.jpg
2026-05-02 19:13:54,791 | INFO | Workflow chaqirilmoqda | hash=08ab64d3b612a767
2026-05-02 19:13:55,079 | INFO | Workflow javobi olindi | hash=08ab64d3b612a767 | keys=['color_mapping', 'total_count', 'predictions', 'class_counts', 'image_dimensions', 'workflow_metadata']
2026-05-02 19:13:55,079 | INFO | Aniqlandi | total=3 | classes=2 | hash=08ab64d3b612a767
2026-05-02 19:13:55,080 | INFO | Metadata | raw_a=2 | raw_b=3 | after_filters=3 | hash=08ab64d3b612a767
2026-05-02 19:13:55,126 | INFO | Yakunlandi | hash=08ab64d3b612a767 | output=results\READY_FOR_AI_tenida.jpg
2026-05-02 19:16:07,671 | INFO | Rasm yuklandi | hash=2b0eaa97388375db | path=karlikoviy_sepen.jpg
2026-05-02 19:16:07,672 | INFO | Workflow chaqirilmoqda | hash=2b0eaa97388375db
2026-05-02 19:16:08,005 | INFO | Workflow javobi olindi | hash=2b0eaa97388375db | keys=['color_mapping', 'total_count', 'predictions', 'class_counts', 'image_dimensions', 'workflow_metadata']
2026-05-02 19:16:08,006 | INFO | Aniqlandi | total=1 | classes=1 | hash=2b0eaa97388375db
2026-05-02 19:16:08,006 | INFO | Metadata | raw_a=1 | raw_b=0 | after_filters=1 | hash=2b0eaa97388375db
2026-05-02 19:16:08,048 | INFO | Yakunlandi | hash=2b0eaa97388375db | output=results\READY_FOR_AI_karlikoviy_sepen.jpg
2026-05-02 19:16:21,605 | INFO | Rasm yuklandi | hash=bbe4881444a7c6a8 | path=karlikoviy_sepen1.jpg
2026-05-02 19:16:21,605 | INFO | Workflow chaqirilmoqda | hash=bbe4881444a7c6a8
2026-05-02 19:16:21,892 | INFO | Workflow javobi olindi | hash=bbe4881444a7c6a8 | keys=['color_mapping', 'total_count', 'predictions', 'class_counts', 'image_dimensions', 'workflow_metadata']
2026-05-02 19:16:21,892 | INFO | Aniqlandi | total=1 | classes=1 | hash=bbe4881444a7c6a8
2026-05-02 19:16:21,892 | INFO | Metadata | raw_a=1 | raw_b=0 | after_filters=1 | hash=bbe4881444a7c6a8
2026-05-02 19:16:21,942 | INFO | Yakunlandi | hash=bbe4881444a7c6a8 | output=results\READY_FOR_AI_karlikoviy_sepen1.jpg
2026-05-02 19:20:47,079 | INFO | Rasm yuklandi | hash=bbe4881444a7c6a8 | path=karlikoviy_sepen1.jpg
2026-05-02 19:20:47,080 | INFO | Workflow chaqirilmoqda | hash=bbe4881444a7c6a8
2026-05-02 19:20:47,365 | INFO | Workflow javobi olindi | hash=bbe4881444a7c6a8 | keys=['color_mapping', 'total_count', 'predictions', 'class_counts', 'image_dimensions', 'workflow_metadata']
2026-05-02 19:20:47,366 | INFO | Aniqlandi | total=1 | classes=1 | hash=bbe4881444a7c6a8
2026-05-02 19:20:47,366 | INFO | Metadata | raw_a=1 | raw_b=0 | after_filters=1 | hash=bbe4881444a7c6a8
2026-05-02 19:20:47,415 | INFO | Yakunlandi | hash=bbe4881444a7c6a8 | output=results\READY_FOR_AI_karlikoviy_sepen1.jpg
2026-05-02 19:30:28,644 | INFO | Rasm yuklandi | hash=bbe4881444a7c6a8 | path=karlikoviy_sepen1.jpg
2026-05-02 19:30:28,645 | INFO | Workflow chaqirilmoqda | hash=bbe4881444a7c6a8
2026-05-02 19:30:29,901 | INFO | Workflow javobi olindi | hash=bbe4881444a7c6a8 | keys=['color_mapping', 'total_count', 'predictions', 'class_counts', 'image_dimensions', 'workflow_metadata']
2026-05-02 19:30:29,902 | INFO | Aniqlandi | total=1 | classes=1 | hash=bbe4881444a7c6a8
2026-05-02 19:30:29,902 | INFO | Metadata | raw_a=1 | raw_b=0 | after_filters=1 | hash=bbe4881444a7c6a8
2026-05-02 19:30:29,946 | INFO | Yakunlandi | hash=bbe4881444a7c6a8 | output=results\READY_FOR_AI_karlikoviy_sepen1.jpg
2026-05-02 19:30:42,063 | INFO | Rasm yuklandi | hash=8686280061f6ddf8 | path=askarida.jpg
2026-05-02 19:30:42,063 | INFO | Workflow chaqirilmoqda | hash=8686280061f6ddf8
2026-05-02 19:30:42,372 | INFO | Workflow javobi olindi | hash=8686280061f6ddf8 | keys=['color_mapping', 'total_count', 'predictions', 'class_counts', 'image_dimensions', 'workflow_metadata']
2026-05-02 19:30:42,372 | INFO | Aniqlandi | total=1 | classes=1 | hash=8686280061f6ddf8
2026-05-02 19:30:42,373 | INFO | Metadata | raw_a=1 | raw_b=1 | after_filters=1 | hash=8686280061f6ddf8
2026-05-02 19:30:42,430 | INFO | Yakunlandi | hash=8686280061f6ddf8 | output=results\READY_FOR_AI_askarida.jpg
